{"C:\\Users\\jonat\\Code\\Quadrant\\quadweb\\server\\app.js": {"path":"C:\\Users\\jonat\\Code\\Quadrant\\quadweb\\server\\app.js","statementMap":{"0":{"start":{"line":1,"column":0},"end":{"line":1,"column":26}},"1":{"start":{"line":3,"column":16},"end":{"line":3,"column":34}},"2":{"start":{"line":4,"column":13},"end":{"line":4,"column":28}},"3":{"start":{"line":6,"column":21},"end":{"line":6,"column":57}},"4":{"start":{"line":8,"column":12},"end":{"line":8,"column":21}},"5":{"start":{"line":9,"column":13},"end":{"line":9,"column":37}},"6":{"start":{"line":10,"column":15},"end":{"line":10,"column":35}},"7":{"start":{"line":12,"column":0},"end":{"line":12,"column":16}},"8":{"start":{"line":13,"column":0},"end":{"line":13,"column":24}},"9":{"start":{"line":14,"column":0},"end":{"line":14,"column":49}},"10":{"start":{"line":17,"column":0},"end":{"line":17,"column":20}},"11":{"start":{"line":18,"column":0},"end":{"line":18,"column":21}},"12":{"start":{"line":24,"column":0},"end":{"line":24,"column":20}}},"fnMap":{},"branchMap":{"0":{"loc":{"start":{"line":9,"column":13},"end":{"line":9,"column":37}},"type":"binary-expr","locations":[{"start":{"line":9,"column":13},"end":{"line":9,"column":29}},{"start":{"line":9,"column":33},"end":{"line":9,"column":37}}],"line":9}},"s":{"0":3,"1":3,"2":3,"3":3,"4":3,"5":3,"6":3,"7":3,"8":3,"9":3,"10":3,"11":3,"12":3},"f":{},"b":{"0":[3,3]},"_coverageSchema":"1a1c01bbd47fc00a2c39e90264f33305004495a9","hash":"713b07bf945774cad9eb33128f8b46abf4bbb318"}
,"C:\\Users\\jonat\\Code\\Quadrant\\quadweb\\server\\controllers\\controllerBlog.js": {"path":"C:\\Users\\jonat\\Code\\Quadrant\\quadweb\\server\\controllers\\controllerBlog.js","statementMap":{"0":{"start":{"line":1,"column":32},"end":{"line":1,"column":58}},"1":{"start":{"line":2,"column":15},"end":{"line":2,"column":35}},"2":{"start":{"line":6,"column":28},"end":{"line":6,"column":37}},"3":{"start":{"line":8,"column":14},"end":{"line":11,"column":5}},"4":{"start":{"line":13,"column":4},"end":{"line":13,"column":57}},"5":{"start":{"line":13,"column":20},"end":{"line":13,"column":55}},"6":{"start":{"line":15,"column":4},"end":{"line":18,"column":5}},"7":{"start":{"line":16,"column":6},"end":{"line":16,"column":20}},"8":{"start":{"line":17,"column":6},"end":{"line":17,"column":50}},"9":{"start":{"line":20,"column":17},"end":{"line":20,"column":48}},"10":{"start":{"line":21,"column":4},"end":{"line":21,"column":30}},"11":{"start":{"line":25,"column":4},"end":{"line":34,"column":5}},"12":{"start":{"line":26,"column":44},"end":{"line":26,"column":52}},"13":{"start":{"line":27,"column":19},"end":{"line":27,"column":35}},"14":{"start":{"line":28,"column":18},"end":{"line":28,"column":19}},"15":{"start":{"line":29,"column":21},"end":{"line":29,"column":84}},"16":{"start":{"line":31,"column":6},"end":{"line":31,"column":34}},"17":{"start":{"line":33,"column":6},"end":{"line":33,"column":15}},"18":{"start":{"line":37,"column":4},"end":{"line":51,"column":5}},"19":{"start":{"line":38,"column":44},"end":{"line":38,"column":52}},"20":{"start":{"line":39,"column":21},"end":{"line":39,"column":31}},"21":{"start":{"line":41,"column":21},"end":{"line":46,"column":8}},"22":{"start":{"line":48,"column":6},"end":{"line":48,"column":37}},"23":{"start":{"line":50,"column":6},"end":{"line":50,"column":15}},"24":{"start":{"line":54,"column":19},"end":{"line":54,"column":29}},"25":{"start":{"line":55,"column":17},"end":{"line":55,"column":40}},"26":{"start":{"line":56,"column":4},"end":{"line":61,"column":6}},"27":{"start":{"line":62,"column":4},"end":{"line":62,"column":47}},"28":{"start":{"line":65,"column":4},"end":{"line":81,"column":5}},"29":{"start":{"line":66,"column":21},"end":{"line":66,"column":31}},"30":{"start":{"line":67,"column":21},"end":{"line":73,"column":8}},"31":{"start":{"line":74,"column":6},"end":{"line":78,"column":81}},"32":{"start":{"line":75,"column":8},"end":{"line":75,"column":44}},"33":{"start":{"line":76,"column":8},"end":{"line":76,"column":36}},"34":{"start":{"line":78,"column":11},"end":{"line":78,"column":81}},"35":{"start":{"line":80,"column":6},"end":{"line":80,"column":15}},"36":{"start":{"line":86,"column":0},"end":{"line":86,"column":31}}},"fnMap":{"0":{"name":"(anonymous_0)","decl":{"start":{"line":5,"column":2},"end":{"line":5,"column":3}},"loc":{"start":{"line":5,"column":36},"end":{"line":22,"column":3}},"line":5},"1":{"name":"(anonymous_1)","decl":{"start":{"line":24,"column":2},"end":{"line":24,"column":3}},"loc":{"start":{"line":24,"column":35},"end":{"line":35,"column":3}},"line":24},"2":{"name":"(anonymous_2)","decl":{"start":{"line":36,"column":2},"end":{"line":36,"column":3}},"loc":{"start":{"line":36,"column":38},"end":{"line":52,"column":3}},"line":36},"3":{"name":"(anonymous_3)","decl":{"start":{"line":53,"column":2},"end":{"line":53,"column":3}},"loc":{"start":{"line":53,"column":38},"end":{"line":63,"column":3}},"line":53},"4":{"name":"(anonymous_4)","decl":{"start":{"line":64,"column":2},"end":{"line":64,"column":3}},"loc":{"start":{"line":64,"column":39},"end":{"line":82,"column":3}},"line":64}},"branchMap":{"0":{"loc":{"start":{"line":13,"column":4},"end":{"line":13,"column":57}},"type":"if","locations":[{"start":{"line":13,"column":4},"end":{"line":13,"column":57}},{"start":{},"end":{}}],"line":13},"1":{"loc":{"start":{"line":15,"column":4},"end":{"line":18,"column":5}},"type":"if","locations":[{"start":{"line":15,"column":4},"end":{"line":18,"column":5}},{"start":{},"end":{}}],"line":15},"2":{"loc":{"start":{"line":74,"column":6},"end":{"line":78,"column":81}},"type":"if","locations":[{"start":{"line":74,"column":6},"end":{"line":78,"column":81}},{"start":{"line":78,"column":11},"end":{"line":78,"column":81}}],"line":74}},"s":{"0":3,"1":3,"2":3,"3":3,"4":3,"5":1,"6":3,"7":1,"8":1,"9":3,"10":3,"11":2,"12":2,"13":2,"14":2,"15":2,"16":1,"17":1,"18":2,"19":2,"20":2,"21":2,"22":1,"23":1,"24":1,"25":1,"26":1,"27":1,"28":2,"29":2,"30":2,"31":2,"32":1,"33":1,"34":1,"35":1,"36":3},"f":{"0":3,"1":2,"2":2,"3":1,"4":2},"b":{"0":[1,2],"1":[1,2],"2":[1,1]},"_coverageSchema":"1a1c01bbd47fc00a2c39e90264f33305004495a9","hash":"020c14d5a60d42584f49bf70c3bacd389064586c"}
,"C:\\Users\\jonat\\Code\\Quadrant\\quadweb\\server\\controllers\\controllerComment.js": {"path":"C:\\Users\\jonat\\Code\\Quadrant\\quadweb\\server\\controllers\\controllerComment.js","statementMap":{"0":{"start":{"line":1,"column":32},"end":{"line":1,"column":58}},"1":{"start":{"line":2,"column":15},"end":{"line":2,"column":35}},"2":{"start":{"line":6,"column":4},"end":{"line":16,"column":5}},"3":{"start":{"line":8,"column":19},"end":{"line":8,"column":35}},"4":{"start":{"line":9,"column":25},"end":{"line":9,"column":35}},"5":{"start":{"line":10,"column":23},"end":{"line":10,"column":31}},"6":{"start":{"line":12,"column":21},"end":{"line":12,"column":67}},"7":{"start":{"line":13,"column":6},"end":{"line":13,"column":34}},"8":{"start":{"line":15,"column":6},"end":{"line":15,"column":15}},"9":{"start":{"line":39,"column":19},"end":{"line":39,"column":29}},"10":{"start":{"line":40,"column":4},"end":{"line":45,"column":6}},"11":{"start":{"line":46,"column":4},"end":{"line":46,"column":47}},"12":{"start":{"line":49,"column":23},"end":{"line":49,"column":33}},"13":{"start":{"line":50,"column":19},"end":{"line":58,"column":6}},"14":{"start":{"line":59,"column":4},"end":{"line":59,"column":32}},"15":{"start":{"line":62,"column":0},"end":{"line":62,"column":34}}},"fnMap":{"0":{"name":"(anonymous_0)","decl":{"start":{"line":5,"column":2},"end":{"line":5,"column":3}},"loc":{"start":{"line":5,"column":35},"end":{"line":17,"column":3}},"line":5},"1":{"name":"(anonymous_1)","decl":{"start":{"line":38,"column":2},"end":{"line":38,"column":3}},"loc":{"start":{"line":38,"column":38},"end":{"line":47,"column":3}},"line":38},"2":{"name":"(anonymous_2)","decl":{"start":{"line":48,"column":2},"end":{"line":48,"column":3}},"loc":{"start":{"line":48,"column":36},"end":{"line":60,"column":3}},"line":48}},"branchMap":{},"s":{"0":3,"1":3,"2":2,"3":2,"4":2,"5":2,"6":2,"7":1,"8":1,"9":1,"10":1,"11":1,"12":1,"13":1,"14":1,"15":3},"f":{"0":2,"1":1,"2":1},"b":{},"_coverageSchema":"1a1c01bbd47fc00a2c39e90264f33305004495a9","hash":"4b2a01b1a5d7c7c90f513dc340967432b871a821"}
,"C:\\Users\\jonat\\Code\\Quadrant\\quadweb\\server\\controllers\\controllerUser.js": {"path":"C:\\Users\\jonat\\Code\\Quadrant\\quadweb\\server\\controllers\\controllerUser.js","statementMap":{"0":{"start":{"line":1,"column":32},"end":{"line":1,"column":58}},"1":{"start":{"line":2,"column":60},"end":{"line":2,"column":87}},"2":{"start":{"line":6,"column":4},"end":{"line":13,"column":5}},"3":{"start":{"line":7,"column":44},"end":{"line":7,"column":52}},"4":{"start":{"line":8,"column":17},"end":{"line":8,"column":25}},"5":{"start":{"line":9,"column":21},"end":{"line":9,"column":75}},"6":{"start":{"line":10,"column":6},"end":{"line":10,"column":66}},"7":{"start":{"line":12,"column":6},"end":{"line":12,"column":15}},"8":{"start":{"line":16,"column":4},"end":{"line":35,"column":5}},"9":{"start":{"line":17,"column":34},"end":{"line":17,"column":42}},"10":{"start":{"line":18,"column":6},"end":{"line":20,"column":7}},"11":{"start":{"line":19,"column":8},"end":{"line":19,"column":82}},"12":{"start":{"line":21,"column":25},"end":{"line":21,"column":65}},"13":{"start":{"line":22,"column":6},"end":{"line":32,"column":7}},"14":{"start":{"line":23,"column":8},"end":{"line":29,"column":9}},"15":{"start":{"line":24,"column":26},"end":{"line":24,"column":103}},"16":{"start":{"line":25,"column":30},"end":{"line":25,"column":53}},"17":{"start":{"line":26,"column":10},"end":{"line":26,"column":119}},"18":{"start":{"line":28,"column":10},"end":{"line":28,"column":102}},"19":{"start":{"line":31,"column":8},"end":{"line":31,"column":100}},"20":{"start":{"line":34,"column":6},"end":{"line":34,"column":15}},"21":{"start":{"line":38,"column":0},"end":{"line":38,"column":31}}},"fnMap":{"0":{"name":"(anonymous_0)","decl":{"start":{"line":5,"column":2},"end":{"line":5,"column":3}},"loc":{"start":{"line":5,"column":40},"end":{"line":14,"column":3}},"line":5},"1":{"name":"(anonymous_1)","decl":{"start":{"line":15,"column":2},"end":{"line":15,"column":3}},"loc":{"start":{"line":15,"column":37},"end":{"line":36,"column":3}},"line":15}},"branchMap":{"0":{"loc":{"start":{"line":18,"column":6},"end":{"line":20,"column":7}},"type":"if","locations":[{"start":{"line":18,"column":6},"end":{"line":20,"column":7}},{"start":{},"end":{}}],"line":18},"1":{"loc":{"start":{"line":18,"column":10},"end":{"line":18,"column":29}},"type":"binary-expr","locations":[{"start":{"line":18,"column":10},"end":{"line":18,"column":16}},{"start":{"line":18,"column":20},"end":{"line":18,"column":29}}],"line":18},"2":{"loc":{"start":{"line":22,"column":6},"end":{"line":32,"column":7}},"type":"if","locations":[{"start":{"line":22,"column":6},"end":{"line":32,"column":7}},{"start":{"line":30,"column":13},"end":{"line":32,"column":7}}],"line":22},"3":{"loc":{"start":{"line":23,"column":8},"end":{"line":29,"column":9}},"type":"if","locations":[{"start":{"line":23,"column":8},"end":{"line":29,"column":9}},{"start":{"line":27,"column":15},"end":{"line":29,"column":9}}],"line":23}},"s":{"0":3,"1":3,"2":4,"3":4,"4":4,"5":4,"6":1,"7":3,"8":4,"9":4,"10":4,"11":1,"12":4,"13":3,"14":2,"15":1,"16":1,"17":1,"18":1,"19":1,"20":3,"21":3},"f":{"0":4,"1":4},"b":{"0":[1,3],"1":[4,3],"2":[2,1],"3":[1,1]},"_coverageSchema":"1a1c01bbd47fc00a2c39e90264f33305004495a9","hash":"b5675ce67c6301553c461b7c6d4d95ea0d28301e"}
,"C:\\Users\\jonat\\Code\\Quadrant\\quadweb\\server\\helper\\secure.js": {"path":"C:\\Users\\jonat\\Code\\Quadrant\\quadweb\\server\\helper\\secure.js","statementMap":{"0":{"start":{"line":1,"column":15},"end":{"line":1,"column":34}},"1":{"start":{"line":2,"column":12},"end":{"line":2,"column":35}},"2":{"start":{"line":3,"column":18},"end":{"line":3,"column":40}},"3":{"start":{"line":5,"column":23},"end":{"line":7,"column":1}},"4":{"start":{"line":6,"column":2},"end":{"line":6,"column":58}},"5":{"start":{"line":9,"column":23},"end":{"line":11,"column":1}},"6":{"start":{"line":10,"column":2},"end":{"line":10,"column":37}},"7":{"start":{"line":13,"column":21},"end":{"line":16,"column":1}},"8":{"start":{"line":14,"column":15},"end":{"line":14,"column":36}},"9":{"start":{"line":15,"column":2},"end":{"line":15,"column":40}},"10":{"start":{"line":18,"column":24},"end":{"line":20,"column":1}},"11":{"start":{"line":19,"column":2},"end":{"line":19,"column":49}},"12":{"start":{"line":22,"column":0},"end":{"line":22,"column":82}}},"fnMap":{"0":{"name":"(anonymous_0)","decl":{"start":{"line":5,"column":23},"end":{"line":5,"column":24}},"loc":{"start":{"line":5,"column":36},"end":{"line":7,"column":1}},"line":5},"1":{"name":"(anonymous_1)","decl":{"start":{"line":9,"column":23},"end":{"line":9,"column":24}},"loc":{"start":{"line":9,"column":34},"end":{"line":11,"column":1}},"line":9},"2":{"name":"(anonymous_2)","decl":{"start":{"line":13,"column":21},"end":{"line":13,"column":22}},"loc":{"start":{"line":13,"column":35},"end":{"line":16,"column":1}},"line":13},"3":{"name":"(anonymous_3)","decl":{"start":{"line":18,"column":24},"end":{"line":18,"column":25}},"loc":{"start":{"line":18,"column":50},"end":{"line":20,"column":1}},"line":18}},"branchMap":{},"s":{"0":3,"1":3,"2":3,"3":3,"4":5,"5":3,"6":13,"7":3,"8":6,"9":6,"10":3,"11":2,"12":3},"f":{"0":5,"1":13,"2":6,"3":2},"b":{},"_coverageSchema":"1a1c01bbd47fc00a2c39e90264f33305004495a9","hash":"c201f927302f5e3dda2233b19535606dd015f055"}
,"C:\\Users\\jonat\\Code\\Quadrant\\quadweb\\server\\middleware\\authentication.js": {"path":"C:\\Users\\jonat\\Code\\Quadrant\\quadweb\\server\\middleware\\authentication.js","statementMap":{"0":{"start":{"line":1,"column":27},"end":{"line":1,"column":54}},"1":{"start":{"line":2,"column":17},"end":{"line":2,"column":43}},"2":{"start":{"line":4,"column":23},"end":{"line":21,"column":1}},"3":{"start":{"line":5,"column":2},"end":{"line":20,"column":3}},"4":{"start":{"line":6,"column":22},"end":{"line":6,"column":33}},"5":{"start":{"line":7,"column":4},"end":{"line":9,"column":5}},"6":{"start":{"line":8,"column":6},"end":{"line":8,"column":78}},"7":{"start":{"line":10,"column":20},"end":{"line":10,"column":41}},"8":{"start":{"line":11,"column":17},"end":{"line":11,"column":48}},"9":{"start":{"line":13,"column":4},"end":{"line":16,"column":5}},"10":{"start":{"line":17,"column":4},"end":{"line":17,"column":10}},"11":{"start":{"line":19,"column":4},"end":{"line":19,"column":13}},"12":{"start":{"line":23,"column":0},"end":{"line":23,"column":31}}},"fnMap":{"0":{"name":"(anonymous_0)","decl":{"start":{"line":4,"column":23},"end":{"line":4,"column":24}},"loc":{"start":{"line":4,"column":49},"end":{"line":21,"column":1}},"line":4}},"branchMap":{"0":{"loc":{"start":{"line":7,"column":4},"end":{"line":9,"column":5}},"type":"if","locations":[{"start":{"line":7,"column":4},"end":{"line":9,"column":5}},{"start":{},"end":{}}],"line":7}},"s":{"0":3,"1":3,"2":3,"3":14,"4":14,"5":14,"6":1,"7":13,"8":13,"9":13,"10":13,"11":1,"12":3},"f":{"0":14},"b":{"0":[1,13]},"_coverageSchema":"1a1c01bbd47fc00a2c39e90264f33305004495a9","hash":"b92fe31826d5edab56d0027a6aab32ae405783fc"}
,"C:\\Users\\jonat\\Code\\Quadrant\\quadweb\\server\\middleware\\authorization.js": {"path":"C:\\Users\\jonat\\Code\\Quadrant\\quadweb\\server\\middleware\\authorization.js","statementMap":{"0":{"start":{"line":1,"column":26},"end":{"line":1,"column":52}},"1":{"start":{"line":3,"column":22},"end":{"line":17,"column":1}},"2":{"start":{"line":4,"column":2},"end":{"line":16,"column":3}},"3":{"start":{"line":5,"column":19},"end":{"line":5,"column":29}},"4":{"start":{"line":6,"column":17},"end":{"line":6,"column":40}},"5":{"start":{"line":7,"column":4},"end":{"line":7,"column":85}},"6":{"start":{"line":7,"column":15},"end":{"line":7,"column":85}},"7":{"start":{"line":9,"column":4},"end":{"line":13,"column":5}},"8":{"start":{"line":10,"column":6},"end":{"line":10,"column":12}},"9":{"start":{"line":12,"column":6},"end":{"line":12,"column":79}},"10":{"start":{"line":15,"column":4},"end":{"line":15,"column":13}},"11":{"start":{"line":19,"column":29},"end":{"line":34,"column":1}},"12":{"start":{"line":20,"column":2},"end":{"line":33,"column":3}},"13":{"start":{"line":21,"column":19},"end":{"line":21,"column":29}},"14":{"start":{"line":23,"column":20},"end":{"line":23,"column":46}},"15":{"start":{"line":24,"column":4},"end":{"line":24,"column":91}},"16":{"start":{"line":24,"column":18},"end":{"line":24,"column":91}},"17":{"start":{"line":26,"column":4},"end":{"line":30,"column":5}},"18":{"start":{"line":27,"column":6},"end":{"line":27,"column":12}},"19":{"start":{"line":29,"column":6},"end":{"line":29,"column":79}},"20":{"start":{"line":32,"column":4},"end":{"line":32,"column":13}},"21":{"start":{"line":37,"column":0},"end":{"line":37,"column":56}}},"fnMap":{"0":{"name":"(anonymous_0)","decl":{"start":{"line":3,"column":22},"end":{"line":3,"column":23}},"loc":{"start":{"line":3,"column":48},"end":{"line":17,"column":1}},"line":3},"1":{"name":"(anonymous_1)","decl":{"start":{"line":19,"column":29},"end":{"line":19,"column":30}},"loc":{"start":{"line":19,"column":55},"end":{"line":34,"column":1}},"line":19}},"branchMap":{"0":{"loc":{"start":{"line":7,"column":4},"end":{"line":7,"column":85}},"type":"if","locations":[{"start":{"line":7,"column":4},"end":{"line":7,"column":85}},{"start":{},"end":{}}],"line":7},"1":{"loc":{"start":{"line":9,"column":4},"end":{"line":13,"column":5}},"type":"if","locations":[{"start":{"line":9,"column":4},"end":{"line":13,"column":5}},{"start":{"line":11,"column":11},"end":{"line":13,"column":5}}],"line":9},"2":{"loc":{"start":{"line":24,"column":4},"end":{"line":24,"column":91}},"type":"if","locations":[{"start":{"line":24,"column":4},"end":{"line":24,"column":91}},{"start":{},"end":{}}],"line":24},"3":{"loc":{"start":{"line":26,"column":4},"end":{"line":30,"column":5}},"type":"if","locations":[{"start":{"line":26,"column":4},"end":{"line":30,"column":5}},{"start":{"line":28,"column":11},"end":{"line":30,"column":5}}],"line":26}},"s":{"0":3,"1":3,"2":6,"3":6,"4":6,"5":6,"6":2,"7":4,"8":3,"9":1,"10":3,"11":3,"12":3,"13":3,"14":3,"15":3,"16":1,"17":2,"18":1,"19":1,"20":2,"21":3},"f":{"0":6,"1":3},"b":{"0":[2,4],"1":[3,1],"2":[1,2],"3":[1,1]},"_coverageSchema":"1a1c01bbd47fc00a2c39e90264f33305004495a9","hash":"dd0faecad4d5c0d232e88729175ba27986ec60fb"}
,"C:\\Users\\jonat\\Code\\Quadrant\\quadweb\\server\\middleware\\errorHandler.js": {"path":"C:\\Users\\jonat\\Code\\Quadrant\\quadweb\\server\\middleware\\errorHandler.js","statementMap":{"0":{"start":{"line":1,"column":21},"end":{"line":15,"column":1}},"1":{"start":{"line":2,"column":2},"end":{"line":14,"column":3}},"2":{"start":{"line":3,"column":18},"end":{"line":3,"column":50}},"3":{"start":{"line":3,"column":39},"end":{"line":3,"column":49}},"4":{"start":{"line":4,"column":4},"end":{"line":4,"column":44}},"5":{"start":{"line":5,"column":9},"end":{"line":14,"column":3}},"6":{"start":{"line":6,"column":4},"end":{"line":6,"column":62}},"7":{"start":{"line":7,"column":9},"end":{"line":14,"column":3}},"8":{"start":{"line":8,"column":4},"end":{"line":8,"column":55}},"9":{"start":{"line":9,"column":9},"end":{"line":14,"column":3}},"10":{"start":{"line":10,"column":4},"end":{"line":10,"column":54}},"11":{"start":{"line":13,"column":4},"end":{"line":13,"column":62}},"12":{"start":{"line":16,"column":0},"end":{"line":16,"column":29}}},"fnMap":{"0":{"name":"(anonymous_0)","decl":{"start":{"line":1,"column":21},"end":{"line":1,"column":22}},"loc":{"start":{"line":1,"column":46},"end":{"line":15,"column":1}},"line":1},"1":{"name":"(anonymous_1)","decl":{"start":{"line":3,"column":33},"end":{"line":3,"column":34}},"loc":{"start":{"line":3,"column":39},"end":{"line":3,"column":49}},"line":3}},"branchMap":{"0":{"loc":{"start":{"line":2,"column":2},"end":{"line":14,"column":3}},"type":"if","locations":[{"start":{"line":2,"column":2},"end":{"line":14,"column":3}},{"start":{"line":5,"column":9},"end":{"line":14,"column":3}}],"line":2},"1":{"loc":{"start":{"line":5,"column":9},"end":{"line":14,"column":3}},"type":"if","locations":[{"start":{"line":5,"column":9},"end":{"line":14,"column":3}},{"start":{"line":7,"column":9},"end":{"line":14,"column":3}}],"line":5},"2":{"loc":{"start":{"line":7,"column":9},"end":{"line":14,"column":3}},"type":"if","locations":[{"start":{"line":7,"column":9},"end":{"line":14,"column":3}},{"start":{"line":9,"column":9},"end":{"line":14,"column":3}}],"line":7},"3":{"loc":{"start":{"line":7,"column":13},"end":{"line":7,"column":69}},"type":"binary-expr","locations":[{"start":{"line":7,"column":13},"end":{"line":7,"column":29}},{"start":{"line":7,"column":33},"end":{"line":7,"column":49}},{"start":{"line":7,"column":53},"end":{"line":7,"column":69}}],"line":7},"4":{"loc":{"start":{"line":9,"column":9},"end":{"line":14,"column":3}},"type":"if","locations":[{"start":{"line":9,"column":9},"end":{"line":14,"column":3}},{"start":{"line":12,"column":7},"end":{"line":14,"column":3}}],"line":9}},"s":{"0":3,"1":16,"2":5,"3":7,"4":5,"5":11,"6":1,"7":10,"8":9,"9":1,"10":0,"11":1,"12":3},"f":{"0":16,"1":7},"b":{"0":[5,11],"1":[1,10],"2":[9,1],"3":[10,7,5],"4":[0,1]},"_coverageSchema":"1a1c01bbd47fc00a2c39e90264f33305004495a9","hash":"609fa35f876a7e63c48a159b67f6d4fea9600fdd"}
,"C:\\Users\\jonat\\Code\\Quadrant\\quadweb\\server\\models\\blog.js": {"path":"C:\\Users\\jonat\\Code\\Quadrant\\quadweb\\server\\models\\blog.js","statementMap":{"0":{"start":{"line":4,"column":4},"end":{"line":4,"column":24}},"1":{"start":{"line":5,"column":0},"end":{"line":64,"column":2}},"2":{"start":{"line":14,"column":6},"end":{"line":16,"column":9}},"3":{"start":{"line":18,"column":6},"end":{"line":20,"column":9}},"4":{"start":{"line":23,"column":2},"end":{"line":62,"column":5}},"5":{"start":{"line":63,"column":2},"end":{"line":63,"column":14}}},"fnMap":{"0":{"name":"(anonymous_0)","decl":{"start":{"line":5,"column":17},"end":{"line":5,"column":18}},"loc":{"start":{"line":5,"column":43},"end":{"line":64,"column":1}},"line":5},"1":{"name":"(anonymous_1)","decl":{"start":{"line":12,"column":4},"end":{"line":12,"column":5}},"loc":{"start":{"line":12,"column":29},"end":{"line":21,"column":5}},"line":12}},"branchMap":{},"s":{"0":3,"1":3,"2":3,"3":3,"4":3,"5":3},"f":{"0":3,"1":3},"b":{},"_coverageSchema":"1a1c01bbd47fc00a2c39e90264f33305004495a9","hash":"c8579237a98978667a7056d193b5221aaaaa2a7b"}
,"C:\\Users\\jonat\\Code\\Quadrant\\quadweb\\server\\models\\comment.js": {"path":"C:\\Users\\jonat\\Code\\Quadrant\\quadweb\\server\\models\\comment.js","statementMap":{"0":{"start":{"line":4,"column":4},"end":{"line":4,"column":24}},"1":{"start":{"line":5,"column":0},"end":{"line":49,"column":2}},"2":{"start":{"line":13,"column":6},"end":{"line":15,"column":9}},"3":{"start":{"line":17,"column":6},"end":{"line":19,"column":9}},"4":{"start":{"line":23,"column":2},"end":{"line":47,"column":5}},"5":{"start":{"line":48,"column":2},"end":{"line":48,"column":17}}},"fnMap":{"0":{"name":"(anonymous_0)","decl":{"start":{"line":5,"column":17},"end":{"line":5,"column":18}},"loc":{"start":{"line":5,"column":43},"end":{"line":49,"column":1}},"line":5},"1":{"name":"(anonymous_1)","decl":{"start":{"line":12,"column":4},"end":{"line":12,"column":5}},"loc":{"start":{"line":12,"column":29},"end":{"line":21,"column":5}},"line":12}},"branchMap":{},"s":{"0":3,"1":3,"2":3,"3":3,"4":3,"5":3},"f":{"0":3,"1":3},"b":{},"_coverageSchema":"1a1c01bbd47fc00a2c39e90264f33305004495a9","hash":"261e2226af1929203866b6bdfcf4b72f7cf08b70"}
,"C:\\Users\\jonat\\Code\\Quadrant\\quadweb\\server\\models\\index.js": {"path":"C:\\Users\\jonat\\Code\\Quadrant\\quadweb\\server\\models\\index.js","statementMap":{"0":{"start":{"line":3,"column":11},"end":{"line":3,"column":24}},"1":{"start":{"line":4,"column":13},"end":{"line":4,"column":28}},"2":{"start":{"line":5,"column":18},"end":{"line":5,"column":38}},"3":{"start":{"line":6,"column":17},"end":{"line":6,"column":42}},"4":{"start":{"line":7,"column":12},"end":{"line":7,"column":49}},"5":{"start":{"line":8,"column":15},"end":{"line":8,"column":65}},"6":{"start":{"line":9,"column":11},"end":{"line":9,"column":13}},"7":{"start":{"line":12,"column":0},"end":{"line":16,"column":1}},"8":{"start":{"line":13,"column":2},"end":{"line":13,"column":74}},"9":{"start":{"line":15,"column":2},"end":{"line":15,"column":87}},"10":{"start":{"line":18,"column":0},"end":{"line":26,"column":5}},"11":{"start":{"line":21,"column":4},"end":{"line":21,"column":90}},"12":{"start":{"line":24,"column":18},"end":{"line":24,"column":85}},"13":{"start":{"line":25,"column":4},"end":{"line":25,"column":27}},"14":{"start":{"line":28,"column":0},"end":{"line":32,"column":3}},"15":{"start":{"line":29,"column":2},"end":{"line":31,"column":3}},"16":{"start":{"line":30,"column":4},"end":{"line":30,"column":32}},"17":{"start":{"line":34,"column":0},"end":{"line":34,"column":25}},"18":{"start":{"line":35,"column":0},"end":{"line":35,"column":25}},"19":{"start":{"line":37,"column":0},"end":{"line":37,"column":20}}},"fnMap":{"0":{"name":"(anonymous_0)","decl":{"start":{"line":20,"column":10},"end":{"line":20,"column":11}},"loc":{"start":{"line":20,"column":18},"end":{"line":22,"column":3}},"line":20},"1":{"name":"(anonymous_1)","decl":{"start":{"line":23,"column":11},"end":{"line":23,"column":12}},"loc":{"start":{"line":23,"column":19},"end":{"line":26,"column":3}},"line":23},"2":{"name":"(anonymous_2)","decl":{"start":{"line":28,"column":24},"end":{"line":28,"column":25}},"loc":{"start":{"line":28,"column":37},"end":{"line":32,"column":1}},"line":28}},"branchMap":{"0":{"loc":{"start":{"line":7,"column":12},"end":{"line":7,"column":49}},"type":"binary-expr","locations":[{"start":{"line":7,"column":12},"end":{"line":7,"column":32}},{"start":{"line":7,"column":36},"end":{"line":7,"column":49}}],"line":7},"1":{"loc":{"start":{"line":12,"column":0},"end":{"line":16,"column":1}},"type":"if","locations":[{"start":{"line":12,"column":0},"end":{"line":16,"column":1}},{"start":{"line":14,"column":7},"end":{"line":16,"column":1}}],"line":12},"2":{"loc":{"start":{"line":21,"column":11},"end":{"line":21,"column":89}},"type":"binary-expr","locations":[{"start":{"line":21,"column":12},"end":{"line":21,"column":35}},{"start":{"line":21,"column":41},"end":{"line":21,"column":58}},{"start":{"line":21,"column":64},"end":{"line":21,"column":88}}],"line":21},"3":{"loc":{"start":{"line":29,"column":2},"end":{"line":31,"column":3}},"type":"if","locations":[{"start":{"line":29,"column":2},"end":{"line":31,"column":3}},{"start":{},"end":{}}],"line":29}},"s":{"0":3,"1":3,"2":3,"3":3,"4":3,"5":3,"6":3,"7":3,"8":0,"9":3,"10":3,"11":12,"12":9,"13":9,"14":3,"15":9,"16":9,"17":3,"18":3,"19":3},"f":{"0":12,"1":9,"2":9},"b":{"0":[3,0],"1":[0,3],"2":[12,12,9],"3":[9,0]},"_coverageSchema":"1a1c01bbd47fc00a2c39e90264f33305004495a9","hash":"672602e2046f7a0f48113332a31967dab503ba3b"}
,"C:\\Users\\jonat\\Code\\Quadrant\\quadweb\\server\\models\\user.js": {"path":"C:\\Users\\jonat\\Code\\Quadrant\\quadweb\\server\\models\\user.js","statementMap":{"0":{"start":{"line":4,"column":4},"end":{"line":4,"column":24}},"1":{"start":{"line":6,"column":25},"end":{"line":6,"column":52}},"2":{"start":{"line":8,"column":0},"end":{"line":81,"column":2}},"3":{"start":{"line":17,"column":6},"end":{"line":19,"column":8}},"4":{"start":{"line":20,"column":6},"end":{"line":22,"column":8}},"5":{"start":{"line":25,"column":2},"end":{"line":79,"column":5}},"6":{"start":{"line":75,"column":8},"end":{"line":75,"column":51}},"7":{"start":{"line":80,"column":2},"end":{"line":80,"column":14}}},"fnMap":{"0":{"name":"(anonymous_0)","decl":{"start":{"line":8,"column":17},"end":{"line":8,"column":18}},"loc":{"start":{"line":8,"column":43},"end":{"line":81,"column":1}},"line":8},"1":{"name":"(anonymous_1)","decl":{"start":{"line":15,"column":4},"end":{"line":15,"column":5}},"loc":{"start":{"line":15,"column":29},"end":{"line":23,"column":5}},"line":15},"2":{"name":"(anonymous_2)","decl":{"start":{"line":74,"column":6},"end":{"line":74,"column":7}},"loc":{"start":{"line":74,"column":25},"end":{"line":76,"column":7}},"line":74}},"branchMap":{},"s":{"0":3,"1":3,"2":3,"3":3,"4":3,"5":3,"6":6,"7":3},"f":{"0":3,"1":3,"2":6},"b":{},"_coverageSchema":"1a1c01bbd47fc00a2c39e90264f33305004495a9","hash":"9e7ff85aade11866c0c52d2938fffba5cf8aaa52"}
,"C:\\Users\\jonat\\Code\\Quadrant\\quadweb\\server\\routers\\index.js": {"path":"C:\\Users\\jonat\\Code\\Quadrant\\quadweb\\server\\routers\\index.js","statementMap":{"0":{"start":{"line":1,"column":16},"end":{"line":1,"column":34}},"1":{"start":{"line":2,"column":15},"end":{"line":2,"column":31}},"2":{"start":{"line":3,"column":19},"end":{"line":3,"column":43}},"3":{"start":{"line":4,"column":19},"end":{"line":4,"column":43}},"4":{"start":{"line":5,"column":22},"end":{"line":5,"column":49}},"5":{"start":{"line":7,"column":0},"end":{"line":7,"column":32}},"6":{"start":{"line":8,"column":0},"end":{"line":8,"column":32}},"7":{"start":{"line":9,"column":0},"end":{"line":9,"column":38}},"8":{"start":{"line":11,"column":0},"end":{"line":11,"column":23}}},"fnMap":{},"branchMap":{},"s":{"0":3,"1":3,"2":3,"3":3,"4":3,"5":3,"6":3,"7":3,"8":3},"f":{},"b":{},"_coverageSchema":"1a1c01bbd47fc00a2c39e90264f33305004495a9","hash":"4cb72a16affe30a91cc2960a14851d3c79e91845"}
,"C:\\Users\\jonat\\Code\\Quadrant\\quadweb\\server\\routers\\routerBlogs.js": {"path":"C:\\Users\\jonat\\Code\\Quadrant\\quadweb\\server\\routers\\routerBlogs.js","statementMap":{"0":{"start":{"line":1,"column":16},"end":{"line":1,"column":34}},"1":{"start":{"line":2,"column":23},"end":{"line":2,"column":63}},"2":{"start":{"line":3,"column":15},"end":{"line":3,"column":31}},"3":{"start":{"line":4,"column":23},"end":{"line":4,"column":62}},"4":{"start":{"line":5,"column":26},"end":{"line":5,"column":64}},"5":{"start":{"line":7,"column":0},"end":{"line":7,"column":36}},"6":{"start":{"line":8,"column":0},"end":{"line":8,"column":52}},"7":{"start":{"line":9,"column":0},"end":{"line":9,"column":42}},"8":{"start":{"line":10,"column":0},"end":{"line":10,"column":72}},"9":{"start":{"line":11,"column":0},"end":{"line":11,"column":75}},"10":{"start":{"line":14,"column":0},"end":{"line":14,"column":23}}},"fnMap":{},"branchMap":{},"s":{"0":3,"1":3,"2":3,"3":3,"4":3,"5":3,"6":3,"7":3,"8":3,"9":3,"10":3},"f":{},"b":{},"_coverageSchema":"1a1c01bbd47fc00a2c39e90264f33305004495a9","hash":"598f0afbd04cc1add76889d163261ec671f83b74"}
,"C:\\Users\\jonat\\Code\\Quadrant\\quadweb\\server\\routers\\routerComments.js": {"path":"C:\\Users\\jonat\\Code\\Quadrant\\quadweb\\server\\routers\\routerComments.js","statementMap":{"0":{"start":{"line":1,"column":16},"end":{"line":1,"column":34}},"1":{"start":{"line":2,"column":26},"end":{"line":2,"column":69}},"2":{"start":{"line":3,"column":23},"end":{"line":3,"column":62}},"3":{"start":{"line":4,"column":33},"end":{"line":4,"column":71}},"4":{"start":{"line":5,"column":15},"end":{"line":5,"column":31}},"5":{"start":{"line":7,"column":0},"end":{"line":7,"column":85}},"6":{"start":{"line":8,"column":0},"end":{"line":8,"column":62}},"7":{"start":{"line":9,"column":0},"end":{"line":9,"column":46}},"8":{"start":{"line":11,"column":0},"end":{"line":11,"column":23}}},"fnMap":{},"branchMap":{},"s":{"0":3,"1":3,"2":3,"3":3,"4":3,"5":3,"6":3,"7":3,"8":3},"f":{},"b":{},"_coverageSchema":"1a1c01bbd47fc00a2c39e90264f33305004495a9","hash":"57d9ca46a4691399a7fa2c1639f0938f60275c28"}
,"C:\\Users\\jonat\\Code\\Quadrant\\quadweb\\server\\routers\\routerUsers.js": {"path":"C:\\Users\\jonat\\Code\\Quadrant\\quadweb\\server\\routers\\routerUsers.js","statementMap":{"0":{"start":{"line":1,"column":16},"end":{"line":1,"column":34}},"1":{"start":{"line":2,"column":23},"end":{"line":2,"column":63}},"2":{"start":{"line":3,"column":15},"end":{"line":3,"column":31}},"3":{"start":{"line":5,"column":0},"end":{"line":5,"column":49}},"4":{"start":{"line":6,"column":0},"end":{"line":6,"column":43}},"5":{"start":{"line":8,"column":0},"end":{"line":8,"column":23}}},"fnMap":{},"branchMap":{},"s":{"0":3,"1":3,"2":3,"3":3,"4":3,"5":3},"f":{},"b":{},"_coverageSchema":"1a1c01bbd47fc00a2c39e90264f33305004495a9","hash":"d73060fe5be9d0410345fedd824f948cfbaba18f"}
}
