TN:
SF:app.js
FNF:0
FNH:0
DA:1,3
DA:3,3
DA:4,3
DA:6,3
DA:8,3
DA:9,3
DA:10,3
DA:12,3
DA:13,3
DA:14,3
DA:17,3
DA:18,3
DA:24,3
LF:13
LH:13
BRDA:9,0,0,3
BRDA:9,0,1,3
BRF:2
BRH:2
end_of_record
TN:
SF:controllers\controllerBlog.js
FN:5,(anonymous_0)
FN:24,(anonymous_1)
FN:36,(anonymous_2)
FN:53,(anonymous_3)
FN:64,(anonymous_4)
FNF:5
FNH:5
FNDA:3,(anonymous_0)
FNDA:2,(anonymous_1)
FNDA:2,(anonymous_2)
FNDA:1,(anonymous_3)
FNDA:2,(anonymous_4)
DA:1,3
DA:2,3
DA:6,3
DA:8,3
DA:13,3
DA:15,3
DA:16,1
DA:17,1
DA:20,3
DA:21,3
DA:25,2
DA:26,2
DA:27,2
DA:28,2
DA:29,2
DA:31,1
DA:33,1
DA:37,2
DA:38,2
DA:39,2
DA:41,2
DA:48,1
DA:50,1
DA:54,1
DA:55,1
DA:56,1
DA:62,1
DA:65,2
DA:66,2
DA:67,2
DA:74,2
DA:75,1
DA:76,1
DA:78,1
DA:80,1
DA:86,3
LF:36
LH:36
BRDA:13,0,0,1
BRDA:13,0,1,2
BRDA:15,1,0,1
BRDA:15,1,1,2
BRDA:74,2,0,1
BRDA:74,2,1,1
BRF:6
BRH:6
end_of_record
TN:
SF:controllers\controllerComment.js
FN:5,(anonymous_0)
FN:38,(anonymous_1)
FN:48,(anonymous_2)
FNF:3
FNH:3
FNDA:2,(anonymous_0)
FNDA:1,(anonymous_1)
FNDA:1,(anonymous_2)
DA:1,3
DA:2,3
DA:6,2
DA:8,2
DA:9,2
DA:10,2
DA:12,2
DA:13,1
DA:15,1
DA:39,1
DA:40,1
DA:46,1
DA:49,1
DA:50,1
DA:59,1
DA:62,3
LF:16
LH:16
BRF:0
BRH:0
end_of_record
TN:
SF:controllers\controllerUser.js
FN:5,(anonymous_0)
FN:15,(anonymous_1)
FNF:2
FNH:2
FNDA:4,(anonymous_0)
FNDA:4,(anonymous_1)
DA:1,3
DA:2,3
DA:6,4
DA:7,4
DA:8,4
DA:9,4
DA:10,1
DA:12,3
DA:16,4
DA:17,4
DA:18,4
DA:19,1
DA:21,4
DA:22,3
DA:23,2
DA:24,1
DA:25,1
DA:26,1
DA:28,1
DA:31,1
DA:34,3
DA:38,3
LF:22
LH:22
BRDA:18,0,0,1
BRDA:18,0,1,3
BRDA:18,1,0,4
BRDA:18,1,1,3
BRDA:22,2,0,2
BRDA:22,2,1,1
BRDA:23,3,0,1
BRDA:23,3,1,1
BRF:8
BRH:8
end_of_record
TN:
SF:helper\secure.js
FN:5,(anonymous_0)
FN:9,(anonymous_1)
FN:13,(anonymous_2)
FN:18,(anonymous_3)
FNF:4
FNH:4
FNDA:5,(anonymous_0)
FNDA:13,(anonymous_1)
FNDA:6,(anonymous_2)
FNDA:2,(anonymous_3)
DA:1,3
DA:2,3
DA:3,3
DA:5,3
DA:6,5
DA:9,3
DA:10,13
DA:13,3
DA:14,6
DA:15,6
DA:18,3
DA:19,2
DA:22,3
LF:13
LH:13
BRF:0
BRH:0
end_of_record
TN:
SF:middleware\authentication.js
FN:4,(anonymous_0)
FNF:1
FNH:1
FNDA:14,(anonymous_0)
DA:1,3
DA:2,3
DA:4,3
DA:5,14
DA:6,14
DA:7,14
DA:8,1
DA:10,13
DA:11,13
DA:13,13
DA:17,13
DA:19,1
DA:23,3
LF:13
LH:13
BRDA:7,0,0,1
BRDA:7,0,1,13
BRF:2
BRH:2
end_of_record
TN:
SF:middleware\authorization.js
FN:3,(anonymous_0)
FN:19,(anonymous_1)
FNF:2
FNH:2
FNDA:6,(anonymous_0)
FNDA:3,(anonymous_1)
DA:1,3
DA:3,3
DA:4,6
DA:5,6
DA:6,6
DA:7,6
DA:9,4
DA:10,3
DA:12,1
DA:15,3
DA:19,3
DA:20,3
DA:21,3
DA:23,3
DA:24,3
DA:26,2
DA:27,1
DA:29,1
DA:32,2
DA:37,3
LF:20
LH:20
BRDA:7,0,0,2
BRDA:7,0,1,4
BRDA:9,1,0,3
BRDA:9,1,1,1
BRDA:24,2,0,1
BRDA:24,2,1,2
BRDA:26,3,0,1
BRDA:26,3,1,1
BRF:8
BRH:8
end_of_record
TN:
SF:middleware\errorHandler.js
FN:1,(anonymous_0)
FN:3,(anonymous_1)
FNF:2
FNH:2
FNDA:16,(anonymous_0)
FNDA:7,(anonymous_1)
DA:1,3
DA:2,16
DA:3,7
DA:4,5
DA:5,11
DA:6,1
DA:7,10
DA:8,9
DA:9,1
DA:10,0
DA:13,1
DA:16,3
LF:12
LH:11
BRDA:2,0,0,5
BRDA:2,0,1,11
BRDA:5,1,0,1
BRDA:5,1,1,10
BRDA:7,2,0,9
BRDA:7,2,1,1
BRDA:7,3,0,10
BRDA:7,3,1,7
BRDA:7,3,2,5
BRDA:9,4,0,0
BRDA:9,4,1,1
BRF:11
BRH:10
end_of_record
TN:
SF:models\blog.js
FN:5,(anonymous_0)
FN:12,(anonymous_1)
FNF:2
FNH:2
FNDA:3,(anonymous_0)
FNDA:3,(anonymous_1)
DA:4,3
DA:5,3
DA:14,3
DA:18,3
DA:23,3
DA:63,3
LF:6
LH:6
BRF:0
BRH:0
end_of_record
TN:
SF:models\comment.js
FN:5,(anonymous_0)
FN:12,(anonymous_1)
FNF:2
FNH:2
FNDA:3,(anonymous_0)
FNDA:3,(anonymous_1)
DA:4,3
DA:5,3
DA:13,3
DA:17,3
DA:23,3
DA:48,3
LF:6
LH:6
BRF:0
BRH:0
end_of_record
TN:
SF:models\index.js
FN:20,(anonymous_0)
FN:23,(anonymous_1)
FN:28,(anonymous_2)
FNF:3
FNH:3
FNDA:12,(anonymous_0)
FNDA:9,(anonymous_1)
FNDA:9,(anonymous_2)
DA:3,3
DA:4,3
DA:5,3
DA:6,3
DA:7,3
DA:8,3
DA:9,3
DA:12,3
DA:13,0
DA:15,3
DA:18,3
DA:21,12
DA:24,9
DA:25,9
DA:28,3
DA:29,9
DA:30,9
DA:34,3
DA:35,3
DA:37,3
LF:20
LH:19
BRDA:7,0,0,3
BRDA:7,0,1,0
BRDA:12,1,0,0
BRDA:12,1,1,3
BRDA:21,2,0,12
BRDA:21,2,1,12
BRDA:21,2,2,9
BRDA:29,3,0,9
BRDA:29,3,1,0
BRF:9
BRH:6
end_of_record
TN:
SF:models\user.js
FN:8,(anonymous_0)
FN:15,(anonymous_1)
FN:74,(anonymous_2)
FNF:3
FNH:3
FNDA:3,(anonymous_0)
FNDA:3,(anonymous_1)
FNDA:6,(anonymous_2)
DA:4,3
DA:6,3
DA:8,3
DA:17,3
DA:20,3
DA:25,3
DA:75,6
DA:80,3
LF:8
LH:8
BRF:0
BRH:0
end_of_record
TN:
SF:routers\index.js
FNF:0
FNH:0
DA:1,3
DA:2,3
DA:3,3
DA:4,3
DA:5,3
DA:7,3
DA:8,3
DA:9,3
DA:11,3
LF:9
LH:9
BRF:0
BRH:0
end_of_record
TN:
SF:routers\routerBlogs.js
FNF:0
FNH:0
DA:1,3
DA:2,3
DA:3,3
DA:4,3
DA:5,3
DA:7,3
DA:8,3
DA:9,3
DA:10,3
DA:11,3
DA:14,3
LF:11
LH:11
BRF:0
BRH:0
end_of_record
TN:
SF:routers\routerComments.js
FNF:0
FNH:0
DA:1,3
DA:2,3
DA:3,3
DA:4,3
DA:5,3
DA:7,3
DA:8,3
DA:9,3
DA:11,3
LF:9
LH:9
BRF:0
BRH:0
end_of_record
TN:
SF:routers\routerUsers.js
FNF:0
FNH:0
DA:1,3
DA:2,3
DA:3,3
DA:5,3
DA:6,3
DA:8,3
LF:6
LH:6
BRF:0
BRH:0
end_of_record
